Using pre-set license
Built from '2020.3/staging' branch; Version is '2020.3.13f1 (71691879b7f5) revision 7432472'; Using compiler version '192528614'; Build Type 'Release'
OS: 'Windows 10 Home; OS build 19042.1110; Version 2009; 64bit' Language: 'en' Physical Memory: 16333 MB
BatchMode: 1, IsHumanControllingUs: 0, StartBugReporterOnCrash: 0, Is64bit: 1, IsPro: 0

 COMMAND LINE ARGUMENTS:
C:\Program Files\Unity\Hub\Editor\2020.3.13f1\Editor\Unity.exe
-adb2
-batchMode
-noUpm
-name
AssetImportWorker0
-projectPath
C:/Users/Satele/Documents/Game Making/Ohnmar
-logFile
Logs/AssetImportWorker0.log
-srvPort
49608
Successfully changed project path to: C:/Users/Satele/Documents/Game Making/Ohnmar
C:/Users/Satele/Documents/Game Making/Ohnmar
Using Asset Import Pipeline V2.
Refreshing native plugins compatible for Editor in 35.97 ms, found 3 plugins.
Preloading 0 native plugins for Editor in 0.00 ms.
Initialize engine version: 2020.3.13f1 (71691879b7f5)
[Subsystems] Discovering subsystems at path C:/Program Files/Unity/Hub/Editor/2020.3.13f1/Editor/Data/Resources/UnitySubsystems
[Subsystems] Discovering subsystems at path C:/Users/Satele/Documents/Game Making/Ohnmar/Assets
GfxDevice: creating device client; threaded=0
Direct3D:
    Version:  Direct3D 11.0 [level 11.1]
    Renderer: NVIDIA GeForce GTX 1660 SUPER (ID=0x21c4)
    Vendor:   
    VRAM:     5991 MB
    Driver:   27.21.14.6677
Initialize mono
Mono path[0] = 'C:/Program Files/Unity/Hub/Editor/2020.3.13f1/Editor/Data/Managed'
Mono path[1] = 'C:/Program Files/Unity/Hub/Editor/2020.3.13f1/Editor/Data/MonoBleedingEdge/lib/mono/unityjit'
Mono config path = 'C:/Program Files/Unity/Hub/Editor/2020.3.13f1/Editor/Data/MonoBleedingEdge/etc'
Using monoOptions --debugger-agent=transport=dt_socket,embedding=1,server=y,suspend=n,address=127.0.0.1:56704
Begin MonoManager ReloadAssembly
Registering precompiled unity dll's ...
Register platform support module: C:/Program Files/Unity/Hub/Editor/2020.3.13f1/Editor/Data/PlaybackEngines/WindowsStandaloneSupport/UnityEditor.WindowsStandalone.Extensions.dll
Registered in 0.001584 seconds.
Native extension for WindowsStandalone target not found
Refreshing native plugins compatible for Editor in 40.45 ms, found 3 plugins.
Preloading 0 native plugins for Editor in 0.00 ms.
Mono: successfully reloaded assembly
- Completed reload, in  0.874 seconds
Platform modules already initialized, skipping
Registering precompiled user dll's ...
Registered in 0.003484 seconds.
Begin MonoManager ReloadAssembly
Native extension for WindowsStandalone target not found
Refreshing native plugins compatible for Editor in 39.34 ms, found 3 plugins.
Preloading 0 native plugins for Editor in 0.00 ms.
Mono: successfully reloaded assembly
- Completed reload, in  0.981 seconds
Platform modules already initialized, skipping
========================================================================
Worker process is ready to serve import requests
Launched and connected shader compiler UnityShaderCompiler.exe after 0.04 seconds
Refreshing native plugins compatible for Editor in 0.42 ms, found 3 plugins.
Preloading 0 native plugins for Editor in 0.00 ms.
Unloading 2086 Unused Serialized files (Serialized files now loaded: 0)
System memory in use before: 93.2 MB.
System memory in use after: 93.1 MB.

Unloading 33 unused Assets to reduce memory usage. Loaded Objects now: 2521.
Total: 1.975100 ms (FindLiveObjects: 0.190400 ms CreateObjectMapping: 0.048300 ms MarkObjects: 1.631400 ms  DeleteObjects: 0.104100 ms)

AssetImportParameters requested are different than current active one (requested -> active):
  custom:framework-win-MediaFoundation: 216162199b28c13a410421893ffa2e32 -> 
  custom:video-decoder-ogg-theora: a1e56fd34408186e4bbccfd4996cb3dc -> 
  custom:container-muxer-webm: aa71ff27fc2769a1b78a27578f13a17b -> 
  custom:container-demuxer-webm: 4f35f7cbe854078d1ac9338744f61a02 -> 
  custom:container-demuxer-ogg: 62fdf1f143b41e24485cea50d1cbac27 -> 
  custom:video-encoder-webm-vp8: eb34c28f22e8b96e1ab97ce403110664 -> 
  custom:video-decoder-webm-vp8: 9c59270c3fd7afecdb556c50c9e8de78 -> 
  custom:audio-decoder-ogg-vorbis: bf7c407c2cedff20999df2af8eb42d56 -> 
  custom:audio-encoder-webm-vorbis: bf7c407c2cedff20999df2af8eb42d56 -> 
========================================================================
Received Import Request.
  path: Assets/Scenes/Level1.unity
  artifactKey: Guid(2cda990e2423bbf4892e6590ba056729) Importer(815301076,1909f56bfc062723c751e8b465ee728b)
Start importing Assets/Scenes/Level1.unity using Guid(2cda990e2423bbf4892e6590ba056729) Importer(815301076,1909f56bfc062723c751e8b465ee728b)  -> (artifact id: 'c5bb2dbf8750a65c71d78140395fe22b') in 0.016091 seconds 
  Import took 0.018885 seconds .

========================================================================
Received Prepare
Refreshing native plugins compatible for Editor in 3.36 ms, found 3 plugins.
Preloading 0 native plugins for Editor in 0.00 ms.
Unloading 19 Unused Serialized files (Serialized files now loaded: 0)
System memory in use before: 52.2 MB.
System memory in use after: 52.2 MB.

Unloading 19 unused Assets to reduce memory usage. Loaded Objects now: 2521.
Total: 2.250400 ms (FindLiveObjects: 0.221000 ms CreateObjectMapping: 0.059300 ms MarkObjects: 1.872300 ms  DeleteObjects: 0.096900 ms)

AssetImportParameters requested are different than current active one (requested -> active):
  custom:framework-win-MediaFoundation: 216162199b28c13a410421893ffa2e32 -> 
  custom:video-decoder-ogg-theora: a1e56fd34408186e4bbccfd4996cb3dc -> 
  custom:container-muxer-webm: aa71ff27fc2769a1b78a27578f13a17b -> 
  custom:container-demuxer-webm: 4f35f7cbe854078d1ac9338744f61a02 -> 
  custom:container-demuxer-ogg: 62fdf1f143b41e24485cea50d1cbac27 -> 
  custom:video-encoder-webm-vp8: eb34c28f22e8b96e1ab97ce403110664 -> 
  custom:video-decoder-webm-vp8: 9c59270c3fd7afecdb556c50c9e8de78 -> 
  custom:audio-decoder-ogg-vorbis: bf7c407c2cedff20999df2af8eb42d56 -> 
  custom:audio-encoder-webm-vorbis: bf7c407c2cedff20999df2af8eb42d56 -> 
========================================================================
Received Import Request.
  Time since last request: 126.733106 seconds.
  path: Assets/Art/Lvl1_Tilemaps/SunnyLandAssets.prefab
  artifactKey: Guid(d00179d46a69cd34ebe3b937b54136da) Importer(815301076,1909f56bfc062723c751e8b465ee728b)
Start importing Assets/Art/Lvl1_Tilemaps/SunnyLandAssets.prefab using Guid(d00179d46a69cd34ebe3b937b54136da) Importer(815301076,1909f56bfc062723c751e8b465ee728b)  -> (artifact id: '105ba96712e457db79fb8ebd8b58779b') in 0.034205 seconds 
  Import took 0.037522 seconds .

========================================================================
Received Import Request.
  Time since last request: 6.630635 seconds.
  path: Assets/Art/Lvl1_Tilemaps/SunnyLandAssets.prefab
  artifactKey: Guid(d00179d46a69cd34ebe3b937b54136da) Importer(815301076,1909f56bfc062723c751e8b465ee728b)
Start importing Assets/Art/Lvl1_Tilemaps/SunnyLandAssets.prefab using Guid(d00179d46a69cd34ebe3b937b54136da) Importer(815301076,1909f56bfc062723c751e8b465ee728b)  -> (artifact id: 'e10b830c44921d44ccb3d9c101115679') in 0.003840 seconds 
  Import took 0.007112 seconds .

========================================================================
Received Import Request.
  Time since last request: 0.000182 seconds.
  path: Assets/Art/Lvl1_Tilemaps/tileset-sliced.asset
  artifactKey: Guid(e92a22b1d51d1ea498e7ed3766e32d79) Importer(815301076,1909f56bfc062723c751e8b465ee728b)
Start importing Assets/Art/Lvl1_Tilemaps/tileset-sliced.asset using Guid(e92a22b1d51d1ea498e7ed3766e32d79) Importer(815301076,1909f56bfc062723c751e8b465ee728b)  -> (artifact id: '78d1c02cc770861dbdd5ac2999378612') in 0.065895 seconds 
  Import took 0.068631 seconds .

========================================================================
Received Import Request.
  Time since last request: 25.111034 seconds.
  path: Assets/Art/Lvl1_Tilemaps/SunnyLandAssets.prefab
  artifactKey: Guid(d00179d46a69cd34ebe3b937b54136da) Importer(815301076,1909f56bfc062723c751e8b465ee728b)
Start importing Assets/Art/Lvl1_Tilemaps/SunnyLandAssets.prefab using Guid(d00179d46a69cd34ebe3b937b54136da) Importer(815301076,1909f56bfc062723c751e8b465ee728b)  -> (artifact id: 'c17065ac9d720ec5705bc581a3560468') in 0.003570 seconds 
  Import took 0.006574 seconds .

========================================================================
Received Import Request.
  Time since last request: 2.661875 seconds.
  path: Assets/Art/Lvl1_Tilemaps/SunnyLandAssets.prefab
  artifactKey: Guid(d00179d46a69cd34ebe3b937b54136da) Importer(815301076,1909f56bfc062723c751e8b465ee728b)
Start importing Assets/Art/Lvl1_Tilemaps/SunnyLandAssets.prefab using Guid(d00179d46a69cd34ebe3b937b54136da) Importer(815301076,1909f56bfc062723c751e8b465ee728b)  -> (artifact id: '9f3b8acf9c03b9a13ecfe8263b518cb9') in 0.003553 seconds 
  Import took 0.006529 seconds .

========================================================================
Received Import Request.
  Time since last request: 22.993578 seconds.
  path: Assets/Art/Lvl1_Tilemaps/SunnyLandAssets.prefab
  artifactKey: Guid(d00179d46a69cd34ebe3b937b54136da) Importer(815301076,1909f56bfc062723c751e8b465ee728b)
Start importing Assets/Art/Lvl1_Tilemaps/SunnyLandAssets.prefab using Guid(d00179d46a69cd34ebe3b937b54136da) Importer(815301076,1909f56bfc062723c751e8b465ee728b)  -> (artifact id: '3631c57d255c909afd996f20b7700da6') in 0.003823 seconds 
  Import took 0.006854 seconds .

